<?xml version="1.0" encoding="UTF-8"?>
<testng-results skipped="0" failed="0" ignored="1" total="2" passed="1">
  <reporter-output>
  </reporter-output>
  <suite name="Default suite" duration-ms="3838" started-at="2021-01-24T20:56:36 IST" finished-at="2021-01-24T20:56:40 IST">
    <groups>
    </groups>
    <test name="Default test" duration-ms="3838" started-at="2021-01-24T20:56:36 IST" finished-at="2021-01-24T20:56:40 IST">
      <class name="smokeTest.Test_01Get">
        <test-method status="PASS" signature="getTest2()[pri:0, instance:smokeTest.Test_01Get@3224f60b]" name="getTest2" duration-ms="3791" started-at="2021-01-24T20:56:36 IST" finished-at="2021-01-24T20:56:40 IST">
          <reporter-output>
          </reporter-output>
        </test-method> <!-- getTest2 -->
      </class> <!-- smokeTest.Test_01Get -->
    </test> <!-- Default test -->
  </suite> <!-- Default suite -->
</testng-results>
